<?xml version="1.0" encoding="UTF-8"?>
<testsuite name="com.googlecode.lingwah.test.TurtleTests" tests="1" skipped="0" failures="0" errors="0" timestamp="2019-11-28T17:00:32" hostname="Shivas-MBP" time="0.079">
  <properties/>
  <testcase name="testBasicTriples" classname="com.googlecode.lingwah.test.TurtleTests" time="0.079"/>
  <system-out><![CDATA[------- xml --------------
<match start='0' end='261' parser=DOCUMENT>
	<text><![CDATA[@prefix resource: <meteor:com.googlecode.meteorframework.Resource.>.
@prefix test: <meteor:com.googlecode.meteorlang.parser.test.>.

test:CustomerFromManifest resource:type test:Customer ;
			resource:description "A Customer defined in a Meteor manifest" .




]]]]><![CDATA[></text>
	<children>
		<match start='0' end='0' parser=optws>
			<text><![CDATA[]]]]><![CDATA[></text>
		</match>
		<match start='0' end='261' parser=repeat(sequence(STATEMENT, optws))>
			<text><![CDATA[@prefix resource: <meteor:com.googlecode.meteorframework.Resource.>.
		@prefix test: <meteor:com.googlecode.meteorlang.parser.test.>.
		
		test:CustomerFromManifest resource:type test:Customer ;
					resource:description "A Customer defined in a Meteor manifest" .
		
		
		
		
		]]]]><![CDATA[></text>
			<children>
				<match start='0' end='69' parser=sequence(STATEMENT, optws)>
					<text><![CDATA[@prefix resource: <meteor:com.googlecode.meteorframework.Resource.>.
				]]]]><![CDATA[></text>
					<children>
						<match start='0' end='68' parser=STATEMENT>
							<text><![CDATA[@prefix resource: <meteor:com.googlecode.meteorframework.Resource.>.]]]]><![CDATA[></text>
							<children>
								<match start='0' end='67' parser=choice(DIRECTIVE, TRIPLES)>
									<text><![CDATA[@prefix resource: <meteor:com.googlecode.meteorframework.Resource.>]]]]><![CDATA[></text>
									<children>
										<match start='0' end='67' parser=DIRECTIVE>
											<text><![CDATA[@prefix resource: <meteor:com.googlecode.meteorframework.Resource.>]]]]><![CDATA[></text>
											<children>
												<match start='0' end='67' parser=PREFIX_ID>
													<text><![CDATA[@prefix resource: <meteor:com.googlecode.meteorframework.Resource.>]]]]><![CDATA[></text>
													<children>
														<match start='0' end='7' parser=string('@prefix')>
															<text><![CDATA[@prefix]]]]><![CDATA[></text>
														</match>
														<match start='7' end='8' parser=ws>
															<text><![CDATA[ ]]]]><![CDATA[></text>
															<children>
																<match start='7' end='8' parser=whitespace>
																	<text><![CDATA[ ]]]]><![CDATA[></text>
																</match>
															</children>
														</match>
														<match start='8' end='16' parser=optional(PREFIX_NAME)>
															<text><![CDATA[resource]]]]><![CDATA[></text>
															<children>
																<match start='8' end='16' parser=PREFIX_NAME>
																	<text><![CDATA[resource]]]]><![CDATA[></text>
																	<children>
																		<match start='8' end='16' parser=name>
																			<text><![CDATA[resource]]]]><![CDATA[></text>
																		</match>
																	</children>
																</match>
															</children>
														</match>
														<match start='16' end='17' parser=string(':')>
															<text><![CDATA[:]]]]><![CDATA[></text>
														</match>
														<match start='17' end='18' parser=ws>
															<text><![CDATA[ ]]]]><![CDATA[></text>
															<children>
																<match start='17' end='18' parser=whitespace>
																	<text><![CDATA[ ]]]]><![CDATA[></text>
																</match>
															</children>
														</match>
														<match start='18' end='67' parser=URIREF>
															<text><![CDATA[<meteor:com.googlecode.meteorframework.Resource.>]]]]><![CDATA[></text>
														</match>
													</children>
												</match>
											</children>
										</match>
									</children>
								</match>
								<match start='67' end='67' parser=optws>
									<text><![CDATA[]]]]><![CDATA[></text>
								</match>
								<match start='67' end='68' parser=string('.')>
									<text><![CDATA[.]]]]><![CDATA[></text>
								</match>
							</children>
						</match>
						<match start='68' end='69' parser=optws>
							<text><![CDATA[
						]]]]><![CDATA[></text>
							<children>
								<match start='68' end='69' parser=ws>
									<text><![CDATA[
								]]]]><![CDATA[></text>
									<children>
										<match start='68' end='69' parser=whitespace>
											<text><![CDATA[
										]]]]><![CDATA[></text>
										</match>
									</children>
								</match>
							</children>
						</match>
					</children>
				</match>
				<match start='69' end='133' parser=sequence(STATEMENT, optws)>
					<text><![CDATA[@prefix test: <meteor:com.googlecode.meteorlang.parser.test.>.
				
				]]]]><![CDATA[></text>
					<children>
						<match start='69' end='131' parser=STATEMENT>
							<text><![CDATA[@prefix test: <meteor:com.googlecode.meteorlang.parser.test.>.]]]]><![CDATA[></text>
							<children>
								<match start='69' end='130' parser=choice(DIRECTIVE, TRIPLES)>
									<text><![CDATA[@prefix test: <meteor:com.googlecode.meteorlang.parser.test.>]]]]><![CDATA[></text>
									<children>
										<match start='69' end='130' parser=DIRECTIVE>
											<text><![CDATA[@prefix test: <meteor:com.googlecode.meteorlang.parser.test.>]]]]><![CDATA[></text>
											<children>
												<match start='69' end='130' parser=PREFIX_ID>
													<text><![CDATA[@prefix test: <meteor:com.googlecode.meteorlang.parser.test.>]]]]><![CDATA[></text>
													<children>
														<match start='69' end='76' parser=string('@prefix')>
															<text><![CDATA[@prefix]]]]><![CDATA[></text>
														</match>
														<match start='76' end='77' parser=ws>
															<text><![CDATA[ ]]]]><![CDATA[></text>
															<children>
																<match start='76' end='77' parser=whitespace>
																	<text><![CDATA[ ]]]]><![CDATA[></text>
																</match>
															</children>
														</match>
														<match start='77' end='81' parser=optional(PREFIX_NAME)>
															<text><![CDATA[test]]]]><![CDATA[></text>
															<children>
																<match start='77' end='81' parser=PREFIX_NAME>
																	<text><![CDATA[test]]]]><![CDATA[></text>
																	<children>
																		<match start='77' end='81' parser=name>
																			<text><![CDATA[test]]]]><![CDATA[></text>
																		</match>
																	</children>
																</match>
															</children>
														</match>
														<match start='81' end='82' parser=string(':')>
															<text><![CDATA[:]]]]><![CDATA[></text>
														</match>
														<match start='82' end='83' parser=ws>
															<text><![CDATA[ ]]]]><![CDATA[></text>
															<children>
																<match start='82' end='83' parser=whitespace>
																	<text><![CDATA[ ]]]]><![CDATA[></text>
																</match>
															</children>
														</match>
														<match start='83' end='130' parser=URIREF>
															<text><![CDATA[<meteor:com.googlecode.meteorlang.parser.test.>]]]]><![CDATA[></text>
														</match>
													</children>
												</match>
											</children>
										</match>
									</children>
								</match>
								<match start='130' end='130' parser=optws>
									<text><![CDATA[]]]]><![CDATA[></text>
								</match>
								<match start='130' end='131' parser=string('.')>
									<text><![CDATA[.]]]]><![CDATA[></text>
								</match>
							</children>
						</match>
						<match start='131' end='133' parser=optws>
							<text><![CDATA[
						
						]]]]><![CDATA[></text>
							<children>
								<match start='131' end='133' parser=ws>
									<text><![CDATA[
								
								]]]]><![CDATA[></text>
									<children>
										<match start='131' end='133' parser=whitespace>
											<text><![CDATA[
										
										]]]]><![CDATA[></text>
										</match>
									</children>
								</match>
							</children>
						</match>
					</children>
				</match>
				<match start='133' end='261' parser=sequence(STATEMENT, optws)>
					<text><![CDATA[test:CustomerFromManifest resource:type test:Customer ;
							resource:description "A Customer defined in a Meteor manifest" .
				
				
				
				
				]]]]><![CDATA[></text>
					<children>
						<match start='133' end='256' parser=STATEMENT>
							<text><![CDATA[test:CustomerFromManifest resource:type test:Customer ;
									resource:description "A Customer defined in a Meteor manifest" .]]]]><![CDATA[></text>
							<children>
								<match start='133' end='254' parser=choice(DIRECTIVE, TRIPLES)>
									<text><![CDATA[test:CustomerFromManifest resource:type test:Customer ;
											resource:description "A Customer defined in a Meteor manifest"]]]]><![CDATA[></text>
									<children>
										<match start='133' end='254' parser=TRIPLES>
											<text><![CDATA[test:CustomerFromManifest resource:type test:Customer ;
													resource:description "A Customer defined in a Meteor manifest"]]]]><![CDATA[></text>
											<children>
												<match start='133' end='158' parser=SUBJECT>
													<text><![CDATA[test:CustomerFromManifest]]]]><![CDATA[></text>
													<children>
														<match start='133' end='158' parser=RESOURCE>
															<text><![CDATA[test:CustomerFromManifest]]]]><![CDATA[></text>
															<children>
																<match start='133' end='158' parser=QNAME>
																	<text><![CDATA[test:CustomerFromManifest]]]]><![CDATA[></text>
																	<children>
																		<match start='133' end='137' parser=optional(name)>
																			<text><![CDATA[test]]]]><![CDATA[></text>
																			<children>
																				<match start='133' end='137' parser=name>
																					<text><![CDATA[test]]]]><![CDATA[></text>
																				</match>
																			</children>
																		</match>
																		<match start='137' end='138' parser=string(':')>
																			<text><![CDATA[:]]]]><![CDATA[></text>
																		</match>
																		<match start='138' end='158' parser=optional(name)>
																			<text><![CDATA[CustomerFromManifest]]]]><![CDATA[></text>
																			<children>
																				<match start='138' end='158' parser=name>
																					<text><![CDATA[CustomerFromManifest]]]]><![CDATA[></text>
																				</match>
																			</children>
																		</match>
																	</children>
																</match>
															</children>
														</match>
													</children>
												</match>
												<match start='158' end='159' parser=ws>
													<text><![CDATA[ ]]]]><![CDATA[></text>
													<children>
														<match start='158' end='159' parser=whitespace>
															<text><![CDATA[ ]]]]><![CDATA[></text>
														</match>
													</children>
												</match>
												<match start='159' end='186' parser=PREDICATE_VALUES>
													<text><![CDATA[resource:type test:Customer]]]]><![CDATA[></text>
													<children>
														<match start='159' end='172' parser=VERB>
															<text><![CDATA[resource:type]]]]><![CDATA[></text>
															<children>
																<match start='159' end='172' parser=RESOURCE>
																	<text><![CDATA[resource:type]]]]><![CDATA[></text>
																	<children>
																		<match start='159' end='172' parser=QNAME>
																			<text><![CDATA[resource:type]]]]><![CDATA[></text>
																			<children>
																				<match start='159' end='167' parser=optional(name)>
																					<text><![CDATA[resource]]]]><![CDATA[></text>
																					<children>
																						<match start='159' end='167' parser=name>
																							<text><![CDATA[resource]]]]><![CDATA[></text>
																						</match>
																					</children>
																				</match>
																				<match start='167' end='168' parser=string(':')>
																					<text><![CDATA[:]]]]><![CDATA[></text>
																				</match>
																				<match start='168' end='172' parser=optional(name)>
																					<text><![CDATA[type]]]]><![CDATA[></text>
																					<children>
																						<match start='168' end='172' parser=name>
																							<text><![CDATA[type]]]]><![CDATA[></text>
																						</match>
																					</children>
																				</match>
																			</children>
																		</match>
																	</children>
																</match>
															</children>
														</match>
														<match start='172' end='173' parser=ws>
															<text><![CDATA[ ]]]]><![CDATA[></text>
															<children>
																<match start='172' end='173' parser=whitespace>
																	<text><![CDATA[ ]]]]><![CDATA[></text>
																</match>
															</children>
														</match>
														<match start='173' end='186' parser=OBJECT_LIST>
															<text><![CDATA[test:Customer]]]]><![CDATA[></text>
															<children>
																<match start='173' end='186' parser=OBJECT>
																	<text><![CDATA[test:Customer]]]]><![CDATA[></text>
																	<children>
																		<match start='173' end='186' parser=RESOURCE>
																			<text><![CDATA[test:Customer]]]]><![CDATA[></text>
																			<children>
																				<match start='173' end='186' parser=QNAME>
																					<text><![CDATA[test:Customer]]]]><![CDATA[></text>
																					<children>
																						<match start='173' end='177' parser=optional(name)>
																							<text><![CDATA[test]]]]><![CDATA[></text>
																							<children>
																								<match start='173' end='177' parser=name>
																									<text><![CDATA[test]]]]><![CDATA[></text>
																								</match>
																							</children>
																						</match>
																						<match start='177' end='178' parser=string(':')>
																							<text><![CDATA[:]]]]><![CDATA[></text>
																						</match>
																						<match start='178' end='186' parser=optional(name)>
																							<text><![CDATA[Customer]]]]><![CDATA[></text>
																							<children>
																								<match start='178' end='186' parser=name>
																									<text><![CDATA[Customer]]]]><![CDATA[></text>
																								</match>
																							</children>
																						</match>
																					</children>
																				</match>
																			</children>
																		</match>
																	</children>
																</match>
																<match start='186' end='186' parser=optional(repeat(sequence(optws, string(','), optws, OBJECT)))>
																	<text><![CDATA[]]]]><![CDATA[></text>
																</match>
															</children>
														</match>
													</children>
												</match>
												<match start='186' end='254' parser=optional(repeat(sequence(optws, string(';'), optws, PREDICATE_VALUES)))>
													<text><![CDATA[ ;
															resource:description "A Customer defined in a Meteor manifest"]]]]><![CDATA[></text>
													<children>
														<match start='186' end='254' parser=repeat(sequence(optws, string(';'), optws, PREDICATE_VALUES))>
															<text><![CDATA[ ;
																	resource:description "A Customer defined in a Meteor manifest"]]]]><![CDATA[></text>
															<children>
																<match start='186' end='254' parser=sequence(optws, string(';'), optws, PREDICATE_VALUES)>
																	<text><![CDATA[ ;
																			resource:description "A Customer defined in a Meteor manifest"]]]]><![CDATA[></text>
																	<children>
																		<match start='186' end='187' parser=optws>
																			<text><![CDATA[ ]]]]><![CDATA[></text>
																			<children>
																				<match start='186' end='187' parser=ws>
																					<text><![CDATA[ ]]]]><![CDATA[></text>
																					<children>
																						<match start='186' end='187' parser=whitespace>
																							<text><![CDATA[ ]]]]><![CDATA[></text>
																						</match>
																					</children>
																				</match>
																			</children>
																		</match>
																		<match start='187' end='188' parser=string(';')>
																			<text><![CDATA[;]]]]><![CDATA[></text>
																		</match>
																		<match start='188' end='192' parser=optws>
																			<text><![CDATA[
																					]]]]><![CDATA[></text>
																			<children>
																				<match start='188' end='192' parser=ws>
																					<text><![CDATA[
																							]]]]><![CDATA[></text>
																					<children>
																						<match start='188' end='192' parser=whitespace>
																							<text><![CDATA[
																									]]]]><![CDATA[></text>
																						</match>
																					</children>
																				</match>
																			</children>
																		</match>
																		<match start='192' end='254' parser=PREDICATE_VALUES>
																			<text><![CDATA[resource:description "A Customer defined in a Meteor manifest"]]]]><![CDATA[></text>
																			<children>
																				<match start='192' end='212' parser=VERB>
																					<text><![CDATA[resource:description]]]]><![CDATA[></text>
																					<children>
																						<match start='192' end='212' parser=RESOURCE>
																							<text><![CDATA[resource:description]]]]><![CDATA[></text>
																							<children>
																								<match start='192' end='212' parser=QNAME>
																									<text><![CDATA[resource:description]]]]><![CDATA[></text>
																									<children>
																										<match start='192' end='200' parser=optional(name)>
																											<text><![CDATA[resource]]]]><![CDATA[></text>
																											<children>
																												<match start='192' end='200' parser=name>
																													<text><![CDATA[resource]]]]><![CDATA[></text>
																												</match>
																											</children>
																										</match>
																										<match start='200' end='201' parser=string(':')>
																											<text><![CDATA[:]]]]><![CDATA[></text>
																										</match>
																										<match start='201' end='212' parser=optional(name)>
																											<text><![CDATA[description]]]]><![CDATA[></text>
																											<children>
																												<match start='201' end='212' parser=name>
																													<text><![CDATA[description]]]]><![CDATA[></text>
																												</match>
																											</children>
																										</match>
																									</children>
																								</match>
																							</children>
																						</match>
																					</children>
																				</match>
																				<match start='212' end='213' parser=ws>
																					<text><![CDATA[ ]]]]><![CDATA[></text>
																					<children>
																						<match start='212' end='213' parser=whitespace>
																							<text><![CDATA[ ]]]]><![CDATA[></text>
																						</match>
																					</children>
																				</match>
																				<match start='213' end='254' parser=OBJECT_LIST>
																					<text><![CDATA["A Customer defined in a Meteor manifest"]]]]><![CDATA[></text>
																					<children>
																						<match start='213' end='254' parser=OBJECT>
																							<text><![CDATA["A Customer defined in a Meteor manifest"]]]]><![CDATA[></text>
																							<children>
																								<match start='213' end='254' parser=LITERAL>
																									<text><![CDATA["A Customer defined in a Meteor manifest"]]]]><![CDATA[></text>
																									<children>
																										<match start='213' end='254' parser=STRING>
																											<text><![CDATA["A Customer defined in a Meteor manifest"]]]]><![CDATA[></text>
																											<children>
																												<match start='213' end='254' parser=QUOTED_STRING>
																													<text><![CDATA["A Customer defined in a Meteor manifest"]]]]><![CDATA[></text>
																												</match>
																												<match start='254' end='254' parser=optional(sequence(string('@'), LANGUAGE))>
																													<text><![CDATA[]]]]><![CDATA[></text>
																												</match>
																											</children>
																										</match>
																									</children>
																								</match>
																							</children>
																						</match>
																						<match start='254' end='254' parser=optional(repeat(sequence(optws, string(','), optws, OBJECT)))>
																							<text><![CDATA[]]]]><![CDATA[></text>
																						</match>
																					</children>
																				</match>
																			</children>
																		</match>
																	</children>
																</match>
															</children>
														</match>
													</children>
												</match>
											</children>
										</match>
									</children>
								</match>
								<match start='254' end='255' parser=optws>
									<text><![CDATA[ ]]]]><![CDATA[></text>
									<children>
										<match start='254' end='255' parser=ws>
											<text><![CDATA[ ]]]]><![CDATA[></text>
											<children>
												<match start='254' end='255' parser=whitespace>
													<text><![CDATA[ ]]]]><![CDATA[></text>
												</match>
											</children>
										</match>
									</children>
								</match>
								<match start='255' end='256' parser=string('.')>
									<text><![CDATA[.]]]]><![CDATA[></text>
								</match>
							</children>
						</match>
						<match start='256' end='261' parser=optws>
							<text><![CDATA[
						
						
						
						
						]]]]><![CDATA[></text>
							<children>
								<match start='256' end='261' parser=ws>
									<text><![CDATA[
								
								
								
								
								]]]]><![CDATA[></text>
									<children>
										<match start='256' end='261' parser=whitespace>
											<text><![CDATA[
										
										
										
										
										]]]]><![CDATA[></text>
										</match>
									</children>
								</match>
							</children>
						</match>
					</children>
				</match>
			</children>
		</match>
	</children>
</match>

]]></system-out>
  <system-err><![CDATA[]]></system-err>
</testsuite>
