<?xml version="1.0" encoding="UTF-8"?>
<testsuite name="com.googlecode.lingwah.test.ErrorReportingTests" tests="1" skipped="0" failures="0" errors="0" timestamp="2019-11-28T17:00:30" hostname="Shivas-MBP" time="0.009">
  <properties/>
  <testcase name="testBasics" classname="com.googlecode.lingwah.test.ErrorReportingTests" time="0.009"/>
  <system-out><![CDATA[]]></system-out>
  <system-err><![CDATA[]]></system-err>
</testsuite>
