<?xml version="1.0" encoding="UTF-8"?>
<testsuite name="com.googlecode.lingwah.test.MeteorDescriptionLanguageTests" tests="1" skipped="0" failures="0" errors="0" timestamp="2019-11-28T17:00:30" hostname="Shivas-MBP" time="0.03">
  <properties/>
  <testcase name="testBasicSyntaxParts" classname="com.googlecode.lingwah.test.MeteorDescriptionLanguageTests" time="0.03"/>
  <system-out><![CDATA[]]></system-out>
  <system-err><![CDATA[]]></system-err>
</testsuite>
