<?xml version="1.0" encoding="UTF-8"?>
<testsuite name="com.googlecode.lingwah.test.BootstrapTests" tests="3" skipped="0" failures="0" errors="0" timestamp="2019-11-28T17:00:32" hostname="Shivas-MBP" time="0.052">
  <properties/>
  <testcase name="testCalculator" classname="com.googlecode.lingwah.test.BootstrapTests" time="0.049"/>
  <testcase name="testLeftRecursion" classname="com.googlecode.lingwah.test.BootstrapTests" time="0.001"/>
  <testcase name="testBasics" classname="com.googlecode.lingwah.test.BootstrapTests" time="0.002"/>
  <system-out><![CDATA[]]></system-out>
  <system-err><![CDATA[]]></system-err>
</testsuite>
